<?xml version="1.0" encoding="UTF-8"?>
<testng-results ignored="0" total="1" passed="1" failed="0" skipped="0">
  <reporter-output>
  </reporter-output>
  <suite started-at="2021-07-21T16:52:53Z" name="Default suite" finished-at="2021-07-21T16:52:57Z" duration-ms="3447">
    <groups>
    </groups>
    <test started-at="2021-07-21T16:52:53Z" name="Default test" finished-at="2021-07-21T16:52:57Z" duration-ms="3447">
      <class name="com.qa.testScripts.TestCase1">
        <test-method signature="setup()[pri:0, instance:com.qa.testScripts.TestCase1@1a72a540]" started-at="2021-07-21T16:52:53Z" name="setup" finished-at="2021-07-21T16:52:57Z" duration-ms="3380" status="PASS">
          <reporter-output>
          </reporter-output>
        </test-method> <!-- setup -->
      </class> <!-- com.qa.testScripts.TestCase1 -->
    </test> <!-- Default test -->
  </suite> <!-- Default suite -->
</testng-results>
